[23:05:47] [ServerMain/INFO]: Environment: authHost='https://authserver.mojang.com', accountsHost='https://api.mojang.com', sessionHost='https://sessionserver.mojang.com', servicesHost='https://api.minecraftservices.com', name='PROD'
[23:05:48] [ServerMain/INFO]: Loaded 7 recipes
[23:05:48] [ServerMain/INFO]: Loaded 1271 advancements
[23:05:49] [Server thread/INFO]: Starting minecraft server version 1.20.1
[23:05:49] [Server thread/INFO]: Loading properties
[23:05:49] [Server thread/INFO]: Default game type: SURVIVAL
[23:05:49] [Server thread/INFO]: Generating keypair
[23:05:49] [Server thread/INFO]: Starting Minecraft server on *:25565
[23:05:49] [Server thread/INFO]: Using epoll channel type
[23:05:49] [Server thread/WARN]: **** SERVER IS RUNNING IN OFFLINE/INSECURE MODE!
[23:05:49] [Server thread/WARN]: The server will make no attempt to authenticate usernames. Beware.
[23:05:49] [Server thread/WARN]: While this makes the game possible to play without internet access, it also opens up the ability for hackers to connect with any username they choose.
[23:05:49] [Server thread/WARN]: To change this, set "online-mode" to "true" in the server.properties file.
[23:05:49] [Server thread/INFO]: Preparing level "world"
[23:05:56] [Server thread/INFO]: Preparing start region for dimension minecraft:overworld
[23:05:57] [Worker-Main-3/INFO]: Preparing spawn area: 0%
[23:05:57] [Worker-Main-2/INFO]: Preparing spawn area: 0%
[23:05:57] [Worker-Main-1/INFO]: Preparing spawn area: 0%
[23:05:57] [Worker-Main-1/INFO]: Preparing spawn area: 0%
[23:05:58] [Worker-Main-3/INFO]: Preparing spawn area: 0%
[23:05:58] [Worker-Main-2/INFO]: Preparing spawn area: 0%
[23:05:59] [Worker-Main-3/INFO]: Preparing spawn area: 1%
[23:05:59] [Worker-Main-3/INFO]: Preparing spawn area: 2%
[23:06:00] [Worker-Main-1/INFO]: Preparing spawn area: 3%
[23:06:00] [Worker-Main-3/INFO]: Preparing spawn area: 3%
[23:06:01] [Worker-Main-2/INFO]: Preparing spawn area: 4%
[23:06:01] [Worker-Main-2/INFO]: Preparing spawn area: 6%
[23:06:02] [Worker-Main-2/INFO]: Preparing spawn area: 8%
[23:06:02] [Worker-Main-3/INFO]: Preparing spawn area: 9%
[23:06:03] [Worker-Main-3/INFO]: Preparing spawn area: 11%
[23:06:03] [Worker-Main-2/INFO]: Preparing spawn area: 13%
[23:06:04] [Worker-Main-2/INFO]: Preparing spawn area: 15%
[23:06:04] [Worker-Main-1/INFO]: Preparing spawn area: 17%
[23:06:05] [Worker-Main-2/INFO]: Preparing spawn area: 19%
[23:06:05] [Worker-Main-3/INFO]: Preparing spawn area: 21%
[23:06:06] [Worker-Main-3/INFO]: Preparing spawn area: 23%
[23:06:06] [Worker-Main-2/INFO]: Preparing spawn area: 25%
[23:06:07] [Worker-Main-2/INFO]: Preparing spawn area: 27%
[23:06:07] [Worker-Main-2/INFO]: Preparing spawn area: 29%
[23:06:08] [Worker-Main-3/INFO]: Preparing spawn area: 31%
[23:06:08] [Worker-Main-3/INFO]: Preparing spawn area: 32%
[23:06:09] [Worker-Main-2/INFO]: Preparing spawn area: 34%
[23:06:09] [Worker-Main-1/INFO]: Preparing spawn area: 36%
[23:06:10] [Worker-Main-1/INFO]: Preparing spawn area: 39%
[23:06:10] [Worker-Main-3/INFO]: Preparing spawn area: 41%
[23:06:11] [Worker-Main-1/INFO]: Preparing spawn area: 43%
[23:06:11] [Worker-Main-1/INFO]: Preparing spawn area: 45%
[23:06:12] [Worker-Main-1/INFO]: Preparing spawn area: 47%
[23:06:12] [Worker-Main-2/INFO]: Preparing spawn area: 50%
[23:06:13] [Worker-Main-3/INFO]: Preparing spawn area: 53%
[23:06:13] [Worker-Main-3/INFO]: Preparing spawn area: 55%
[23:06:14] [Worker-Main-3/INFO]: Preparing spawn area: 58%
[23:06:14] [Worker-Main-3/INFO]: Preparing spawn area: 59%
[23:06:15] [Worker-Main-1/INFO]: Preparing spawn area: 62%
[23:06:15] [Worker-Main-1/INFO]: Preparing spawn area: 65%
[23:06:16] [Worker-Main-2/INFO]: Preparing spawn area: 68%
[23:06:16] [Worker-Main-3/INFO]: Preparing spawn area: 70%
[23:06:17] [Worker-Main-2/INFO]: Preparing spawn area: 72%
[23:06:17] [Worker-Main-1/INFO]: Preparing spawn area: 75%
[23:06:18] [Worker-Main-2/INFO]: Preparing spawn area: 78%
[23:06:18] [Worker-Main-1/INFO]: Preparing spawn area: 81%
[23:06:19] [Worker-Main-3/INFO]: Preparing spawn area: 84%
[23:06:19] [Worker-Main-1/INFO]: Preparing spawn area: 86%
[23:06:20] [Worker-Main-1/INFO]: Preparing spawn area: 89%
[23:06:20] [Worker-Main-1/INFO]: Preparing spawn area: 93%
[23:06:21] [Worker-Main-2/INFO]: Preparing spawn area: 96%
[23:06:21] [Server thread/INFO]: Time elapsed: 25475 ms
[23:06:21] [Server thread/INFO]: Done (32.232s)! For help, type "help"
[23:06:46] [Server thread/INFO]: /advancement (grant|revoke)
[23:06:46] [Server thread/INFO]: /attribute <target> <attribute> (get|base|modifier)
[23:06:46] [Server thread/INFO]: /execute (run|if|unless|as|at|store|positioned|rotated|facing|align|anchored|in|summon|on)
[23:06:46] [Server thread/INFO]: /bossbar (add|remove|list|set|get)
[23:06:46] [Server thread/INFO]: /clear [<targets>]
[23:06:46] [Server thread/INFO]: /clone (<begin>|from)
[23:06:46] [Server thread/INFO]: /damage <target> <amount> [<damageType>]
[23:06:46] [Server thread/INFO]: /data (merge|get|remove|modify)
[23:06:46] [Server thread/INFO]: /datapack (enable|disable|list)
[23:06:46] [Server thread/INFO]: /debug (start|stop|function)
[23:06:46] [Server thread/INFO]: /defaultgamemode <gamemode>
[23:06:46] [Server thread/INFO]: /difficulty [peaceful|easy|normal|hard]
[23:06:46] [Server thread/INFO]: /effect (clear|give)
[23:06:46] [Server thread/INFO]: /me <action>
[23:06:46] [Server thread/INFO]: /enchant <targets> <enchantment> [<level>]
[23:06:46] [Server thread/INFO]: /experience (add|set|query)
[23:06:46] [Server thread/INFO]: /xp -> experience
[23:06:46] [Server thread/INFO]: /fill <from> <to> <block> [replace|keep|outline|hollow|destroy]
[23:06:46] [Server thread/INFO]: /fillbiome <from> <to> <biome> [replace]
[23:06:46] [Server thread/INFO]: /forceload (add|remove|query)
[23:06:46] [Server thread/INFO]: /function <name>
[23:06:46] [Server thread/INFO]: /gamemode <gamemode> [<target>]
[23:06:46] [Server thread/INFO]: /gamerule (announceAdvancements|blockExplosionDropDecay|commandBlockOutput|commandModificationBlockLimit|disableElytraMovementCheck|disableRaids|doDaylightCycle|doEntityDrops|doFireTick|doImmediateRespawn|doInsomnia|doLimitedCrafting|doMobLoot|doMobSpawning|doPatrolSpawning|doTileDrops|doTraderSpawning|doVinesSpread|doWardenSpawning|doWeatherCycle|drowningDamage|fallDamage|fireDamage|forgiveDeadPlayers|freezeDamage|globalSoundEvents|keepInventory|lavaSourceConversion|logAdminCommands|maxCommandChainLength|maxEntityCramming|mobExplosionDropDecay|mobGriefing|naturalRegeneration|playersSleepingPercentage|randomTickSpeed|reducedDebugInfo|sendCommandFeedback|showDeathMessages|snowAccumulationHeight|spawnRadius|spectatorsGenerateChunks|tntExplosionDropDecay|universalAnger|waterSourceConversion)
[23:06:46] [Server thread/INFO]: /give <targets> <item> [<count>]
[23:06:46] [Server thread/INFO]: /help [<command>]
[23:06:46] [Server thread/INFO]: /item (replace|modify)
[23:06:46] [Server thread/INFO]: /kick <targets> [<reason>]
[23:06:46] [Server thread/INFO]: /kill [<targets>]
[23:06:46] [Server thread/INFO]: /list [uuids]
[23:06:46] [Server thread/INFO]: /locate (structure|biome|poi)
[23:06:46] [Server thread/INFO]: /loot (replace|insert|give|spawn)
[23:06:46] [Server thread/INFO]: /msg <targets> <message>
[23:06:46] [Server thread/INFO]: /tell -> msg
[23:06:46] [Server thread/INFO]: /w -> msg
[23:06:46] [Server thread/INFO]: /particle <name> [<pos>]
[23:06:46] [Server thread/INFO]: /place (feature|jigsaw|structure|template)
[23:06:46] [Server thread/INFO]: /playsound <sound> (master|music|record|weather|block|hostile|neutral|player|ambient|voice)
[23:06:46] [Server thread/INFO]: /reload
[23:06:46] [Server thread/INFO]: /recipe (give|take)
[23:06:46] [Server thread/INFO]: /return <value>
[23:06:46] [Server thread/INFO]: /ride <target> (mount|dismount)
[23:06:46] [Server thread/INFO]: /say <message>
[23:06:46] [Server thread/INFO]: /schedule (function|clear)
[23:06:46] [Server thread/INFO]: /scoreboard (objectives|players)
[23:06:46] [Server thread/INFO]: /seed
[23:06:46] [Server thread/INFO]: /setblock <pos> <block> [destroy|keep|replace]
[23:06:46] [Server thread/INFO]: /spawnpoint [<targets>]
[23:06:46] [Server thread/INFO]: /setworldspawn [<pos>]
[23:06:46] [Server thread/INFO]: /spectate [<target>]
[23:06:46] [Server thread/INFO]: /spreadplayers <center> <spreadDistance> <maxRange> (<respectTeams>|under)
[23:06:46] [Server thread/INFO]: /stopsound <targets> [*|master|music|record|weather|block|hostile|neutral|player|ambient|voice]
[23:06:46] [Server thread/INFO]: /summon <entity> [<pos>]
[23:06:46] [Server thread/INFO]: /tag <targets> (add|remove|list)
[23:06:46] [Server thread/INFO]: /team (list|add|remove|empty|join|leave|modify)
[23:06:46] [Server thread/INFO]: /teammsg <message>
[23:06:46] [Server thread/INFO]: /tm -> teammsg
[23:06:46] [Server thread/INFO]: /teleport (<location>|<destination>|<targets>)
[23:06:46] [Server thread/INFO]: /tp -> teleport
[23:06:46] [Server thread/INFO]: /tellraw <targets> <message>
[23:06:46] [Server thread/INFO]: /time (set|add|query)
[23:06:46] [Server thread/INFO]: /title <targets> (clear|reset|title|subtitle|actionbar|times)
[23:06:46] [Server thread/INFO]: /trigger <objective> [add|set]
[23:06:46] [Server thread/INFO]: /weather (clear|rain|thunder)
[23:06:46] [Server thread/INFO]: /worldborder (add|set|center|damage|get|warning)
[23:06:46] [Server thread/INFO]: /jfr (start|stop)
[23:06:46] [Server thread/INFO]: /ban-ip <target> [<reason>]
[23:06:46] [Server thread/INFO]: /banlist [ips|players]
[23:06:46] [Server thread/INFO]: /ban <targets> [<reason>]
[23:06:46] [Server thread/INFO]: /deop <targets>
[23:06:46] [Server thread/INFO]: /op <targets>
[23:06:46] [Server thread/INFO]: /pardon <targets>
[23:06:46] [Server thread/INFO]: /pardon-ip <target>
[23:06:46] [Server thread/INFO]: /perf (start|stop)
[23:06:46] [Server thread/INFO]: /save-all [flush]
[23:06:46] [Server thread/INFO]: /save-off
[23:06:46] [Server thread/INFO]: /save-on
[23:06:46] [Server thread/INFO]: /setidletimeout <minutes>
[23:06:46] [Server thread/INFO]: /stop
[23:06:46] [Server thread/INFO]: /whitelist (on|off|list|add|remove|reload)
